C:\USERS\WJX65\DOCUMENTS\VISUAL STUDIO 2010\PROJECTS\SIMPLEGAME\DEBUG\SIMPLEGAME.EXE
C:\USERS\WJX65\DOCUMENTS\VISUAL STUDIO 2010\PROJECTS\SIMPLEGAME\DEBUG\SIMPLEGAME.ILK
C:\USERS\WJX65\DOCUMENTS\VISUAL STUDIO 2010\PROJECTS\SIMPLEGAME\DEBUG\SIMPLEGAME.PDB
C:\Users\wjx65\Documents\Visual Studio 2010\Projects\SimpleGame\SimpleGame\Debug\cl.command.1.tlog
C:\Users\wjx65\Documents\Visual Studio 2010\Projects\SimpleGame\SimpleGame\Debug\CL.read.1.tlog
C:\Users\wjx65\Documents\Visual Studio 2010\Projects\SimpleGame\SimpleGame\Debug\CL.write.1.tlog
C:\USERS\WJX65\DOCUMENTS\VISUAL STUDIO 2010\PROJECTS\SIMPLEGAME\SIMPLEGAME\DEBUG\CORE.OBJ
C:\USERS\WJX65\DOCUMENTS\VISUAL STUDIO 2010\PROJECTS\SIMPLEGAME\SIMPLEGAME\DEBUG\DON'T FORGET.OBJ
C:\USERS\WJX65\DOCUMENTS\VISUAL STUDIO 2010\PROJECTS\SIMPLEGAME\SIMPLEGAME\DEBUG\ICON.RES
C:\Users\wjx65\Documents\Visual Studio 2010\Projects\SimpleGame\SimpleGame\Debug\link.command.1.tlog
C:\Users\wjx65\Documents\Visual Studio 2010\Projects\SimpleGame\SimpleGame\Debug\link.read.1.tlog
C:\Users\wjx65\Documents\Visual Studio 2010\Projects\SimpleGame\SimpleGame\Debug\link.write.1.tlog
C:\Users\wjx65\Documents\Visual Studio 2010\Projects\SimpleGame\SimpleGame\Debug\link-cvtres.read.1.tlog
C:\Users\wjx65\Documents\Visual Studio 2010\Projects\SimpleGame\SimpleGame\Debug\link-cvtres.write.1.tlog
C:\Users\wjx65\Documents\Visual Studio 2010\Projects\SimpleGame\SimpleGame\Debug\mt.command.1.tlog
C:\Users\wjx65\Documents\Visual Studio 2010\Projects\SimpleGame\SimpleGame\Debug\mt.read.1.tlog
C:\Users\wjx65\Documents\Visual Studio 2010\Projects\SimpleGame\SimpleGame\Debug\mt.write.1.tlog
C:\Users\wjx65\Documents\Visual Studio 2010\Projects\SimpleGame\SimpleGame\Debug\rc.command.1.tlog
C:\Users\wjx65\Documents\Visual Studio 2010\Projects\SimpleGame\SimpleGame\Debug\rc.read.1.tlog
C:\Users\wjx65\Documents\Visual Studio 2010\Projects\SimpleGame\SimpleGame\Debug\rc.write.1.tlog
C:\USERS\WJX65\DOCUMENTS\VISUAL STUDIO 2010\PROJECTS\SIMPLEGAME\SIMPLEGAME\DEBUG\SIMPLEGAME.EXE.EMBED.MANIFEST
C:\USERS\WJX65\DOCUMENTS\VISUAL STUDIO 2010\PROJECTS\SIMPLEGAME\SIMPLEGAME\DEBUG\SIMPLEGAME.EXE.EMBED.MANIFEST.RES
C:\USERS\WJX65\DOCUMENTS\VISUAL STUDIO 2010\PROJECTS\SIMPLEGAME\SIMPLEGAME\DEBUG\SIMPLEGAME.EXE.INTERMEDIATE.MANIFEST
C:\Users\wjx65\Documents\Visual Studio 2010\Projects\SimpleGame\SimpleGame\Debug\SimpleGame.write.1.tlog
C:\Users\wjx65\Documents\Visual Studio 2010\Projects\SimpleGame\SimpleGame\Debug\SimpleGame_manifest.rc
C:\Users\wjx65\Documents\Visual Studio 2010\Projects\SimpleGame\SimpleGame\Debug\vc100.idb
C:\USERS\WJX65\DOCUMENTS\VISUAL STUDIO 2010\PROJECTS\SIMPLEGAME\SIMPLEGAME\DEBUG\VC100.PDB
